<?xml version="1.0" encoding="UTF-8"?>
<!-- Generated by org.testng.reporters.JUnitReportReporter -->
<testsuite hostname="pheebepc" failures="0" tests="1" name="testCases.TC_002_LoginTest" time="1.157" errors="0" timestamp="2023-03-11T12:35:59 EST" skipped="0">
  <testcase classname="testCases.TC_002_LoginTest" name="test_login" time="1.157"/>
  <system-out/>
</testsuite> <!-- testCases.TC_002_LoginTest -->
