<?xml version="1.0" encoding="UTF-8"?>
<!-- Generated by org.testng.reporters.JUnitReportReporter -->
<testsuite hostname="pheebepc" failures="0" tests="1" name="testCases.TC_001_AccountRegistrationTest" time="8.529" errors="0" timestamp="2023-03-14T14:14:50 EDT" skipped="0">
  <testcase classname="testCases.TC_001_AccountRegistrationTest" name="test_account_Registration" time="8.529"/>
  <system-out/>
</testsuite> <!-- testCases.TC_001_AccountRegistrationTest -->
